<?xml version="1.0" encoding="UTF-8"?>
<!-- Generated by org.testng.reporters.JUnitReportReporter -->
<testsuite hostname="IN-ALI122840" failures="0" tests="2" name="testcollection.TestDemo" time="0.476" errors="0" timestamp="2025-05-29T21:35:36 IST" skipped="0">
  <testcase classname="testcollection.TestDemo" name="test_2" time="0.360"/>
  <testcase classname="testcollection.TestDemo" name="test_1" time="0.116"/>
</testsuite> <!-- testcollection.TestDemo -->
